Determining if the pthread_create exist failed with the following output:
Change Dir: /home/pablo/catkin_ws/build/turtlebot3_description/CMakeFiles/CMakeTmp

Run Build Command:"/usr/bin/make" "cmTC_55d75/fast"
/usr/bin/make -f CMakeFiles/cmTC_55d75.dir/build.make CMakeFiles/cmTC_55d75.dir/build
make[1]: se entra en el directorio '/home/pablo/catkin_ws/build/turtlebot3_description/CMakeFiles/CMakeTmp'
Building C object CMakeFiles/cmTC_55d75.dir/CheckSymbolExists.c.o
/usr/bin/cc    -o CMakeFiles/cmTC_55d75.dir/CheckSymbolExists.c.o   -c /home/pablo/catkin_ws/build/turtlebot3_description/CMakeFiles/CMakeTmp/CheckSymbolExists.c
Linking C executable cmTC_55d75
/usr/bin/cmake -E cmake_link_script CMakeFiles/cmTC_55d75.dir/link.txt --verbose=1
/usr/bin/cc      -rdynamic CMakeFiles/cmTC_55d75.dir/CheckSymbolExists.c.o  -o cmTC_55d75 
CMakeFiles/cmTC_55d75.dir/CheckSymbolExists.c.o: En la función `main':
CheckSymbolExists.c:(.text+0x1b): referencia a `pthread_create' sin definir
collect2: error: ld returned 1 exit status
CMakeFiles/cmTC_55d75.dir/build.make:97: fallo en las instrucciones para el objetivo 'cmTC_55d75'
make[1]: *** [cmTC_55d75] Error 1
make[1]: se sale del directorio '/home/pablo/catkin_ws/build/turtlebot3_description/CMakeFiles/CMakeTmp'
Makefile:126: fallo en las instrucciones para el objetivo 'cmTC_55d75/fast'
make: *** [cmTC_55d75/fast] Error 2

File /home/pablo/catkin_ws/build/turtlebot3_description/CMakeFiles/CMakeTmp/CheckSymbolExists.c:
/* */
#include <pthread.h>

int main(int argc, char** argv)
{
  (void)argv;
#ifndef pthread_create
  return ((int*)(&pthread_create))[argc];
#else
  (void)argc;
  return 0;
#endif
}

Determining if the function pthread_create exists in the pthreads failed with the following output:
Change Dir: /home/pablo/catkin_ws/build/turtlebot3_description/CMakeFiles/CMakeTmp

Run Build Command:"/usr/bin/make" "cmTC_b0da0/fast"
/usr/bin/make -f CMakeFiles/cmTC_b0da0.dir/build.make CMakeFiles/cmTC_b0da0.dir/build
make[1]: se entra en el directorio '/home/pablo/catkin_ws/build/turtlebot3_description/CMakeFiles/CMakeTmp'
Building C object CMakeFiles/cmTC_b0da0.dir/CheckFunctionExists.c.o
/usr/bin/cc   -DCHECK_FUNCTION_EXISTS=pthread_create   -o CMakeFiles/cmTC_b0da0.dir/CheckFunctionExists.c.o   -c /usr/share/cmake-3.10/Modules/CheckFunctionExists.c
Linking C executable cmTC_b0da0
/usr/bin/cmake -E cmake_link_script CMakeFiles/cmTC_b0da0.dir/link.txt --verbose=1
/usr/bin/cc  -DCHECK_FUNCTION_EXISTS=pthread_create    -rdynamic CMakeFiles/cmTC_b0da0.dir/CheckFunctionExists.c.o  -o cmTC_b0da0 -lpthreads 
/usr/bin/ld: no se puede encontrar -lpthreads
collect2: error: ld returned 1 exit status
CMakeFiles/cmTC_b0da0.dir/build.make:97: fallo en las instrucciones para el objetivo 'cmTC_b0da0'
make[1]: *** [cmTC_b0da0] Error 1
make[1]: se sale del directorio '/home/pablo/catkin_ws/build/turtlebot3_description/CMakeFiles/CMakeTmp'
Makefile:126: fallo en las instrucciones para el objetivo 'cmTC_b0da0/fast'
make: *** [cmTC_b0da0/fast] Error 2


