Determining if the pthread_create exist failed with the following output:
Change Dir: /home/pablo/catkin_ws/build/multi_robot/CMakeFiles/CMakeTmp

Run Build Command:"/usr/bin/make" "cmTC_a7a00/fast"
/usr/bin/make -f CMakeFiles/cmTC_a7a00.dir/build.make CMakeFiles/cmTC_a7a00.dir/build
make[1]: se entra en el directorio '/home/pablo/catkin_ws/build/multi_robot/CMakeFiles/CMakeTmp'
Building C object CMakeFiles/cmTC_a7a00.dir/CheckSymbolExists.c.o
/usr/bin/cc    -o CMakeFiles/cmTC_a7a00.dir/CheckSymbolExists.c.o   -c /home/pablo/catkin_ws/build/multi_robot/CMakeFiles/CMakeTmp/CheckSymbolExists.c
Linking C executable cmTC_a7a00
/usr/bin/cmake -E cmake_link_script CMakeFiles/cmTC_a7a00.dir/link.txt --verbose=1
/usr/bin/cc      -rdynamic CMakeFiles/cmTC_a7a00.dir/CheckSymbolExists.c.o  -o cmTC_a7a00 
CMakeFiles/cmTC_a7a00.dir/CheckSymbolExists.c.o: En la función `main':
CheckSymbolExists.c:(.text+0x1b): referencia a `pthread_create' sin definir
collect2: error: ld returned 1 exit status
CMakeFiles/cmTC_a7a00.dir/build.make:97: fallo en las instrucciones para el objetivo 'cmTC_a7a00'
make[1]: *** [cmTC_a7a00] Error 1
make[1]: se sale del directorio '/home/pablo/catkin_ws/build/multi_robot/CMakeFiles/CMakeTmp'
Makefile:126: fallo en las instrucciones para el objetivo 'cmTC_a7a00/fast'
make: *** [cmTC_a7a00/fast] Error 2

File /home/pablo/catkin_ws/build/multi_robot/CMakeFiles/CMakeTmp/CheckSymbolExists.c:
/* */
#include <pthread.h>

int main(int argc, char** argv)
{
  (void)argv;
#ifndef pthread_create
  return ((int*)(&pthread_create))[argc];
#else
  (void)argc;
  return 0;
#endif
}

Determining if the function pthread_create exists in the pthreads failed with the following output:
Change Dir: /home/pablo/catkin_ws/build/multi_robot/CMakeFiles/CMakeTmp

Run Build Command:"/usr/bin/make" "cmTC_8245c/fast"
/usr/bin/make -f CMakeFiles/cmTC_8245c.dir/build.make CMakeFiles/cmTC_8245c.dir/build
make[1]: se entra en el directorio '/home/pablo/catkin_ws/build/multi_robot/CMakeFiles/CMakeTmp'
Building C object CMakeFiles/cmTC_8245c.dir/CheckFunctionExists.c.o
/usr/bin/cc   -DCHECK_FUNCTION_EXISTS=pthread_create   -o CMakeFiles/cmTC_8245c.dir/CheckFunctionExists.c.o   -c /usr/share/cmake-3.10/Modules/CheckFunctionExists.c
Linking C executable cmTC_8245c
/usr/bin/cmake -E cmake_link_script CMakeFiles/cmTC_8245c.dir/link.txt --verbose=1
/usr/bin/cc  -DCHECK_FUNCTION_EXISTS=pthread_create    -rdynamic CMakeFiles/cmTC_8245c.dir/CheckFunctionExists.c.o  -o cmTC_8245c -lpthreads 
/usr/bin/ld: no se puede encontrar -lpthreads
collect2: error: ld returned 1 exit status
CMakeFiles/cmTC_8245c.dir/build.make:97: fallo en las instrucciones para el objetivo 'cmTC_8245c'
make[1]: *** [cmTC_8245c] Error 1
make[1]: se sale del directorio '/home/pablo/catkin_ws/build/multi_robot/CMakeFiles/CMakeTmp'
Makefile:126: fallo en las instrucciones para el objetivo 'cmTC_8245c/fast'
make: *** [cmTC_8245c/fast] Error 2


