Determining if the pthread_create exist failed with the following output:
Change Dir: /home/pablo/catkin_ws/build/realsense2_description/CMakeFiles/CMakeTmp

Run Build Command:"/usr/bin/make" "cmTC_ddf62/fast"
/usr/bin/make -f CMakeFiles/cmTC_ddf62.dir/build.make CMakeFiles/cmTC_ddf62.dir/build
make[1]: se entra en el directorio '/home/pablo/catkin_ws/build/realsense2_description/CMakeFiles/CMakeTmp'
Building C object CMakeFiles/cmTC_ddf62.dir/CheckSymbolExists.c.o
/usr/bin/cc    -o CMakeFiles/cmTC_ddf62.dir/CheckSymbolExists.c.o   -c /home/pablo/catkin_ws/build/realsense2_description/CMakeFiles/CMakeTmp/CheckSymbolExists.c
Linking C executable cmTC_ddf62
/usr/bin/cmake -E cmake_link_script CMakeFiles/cmTC_ddf62.dir/link.txt --verbose=1
/usr/bin/cc      -rdynamic CMakeFiles/cmTC_ddf62.dir/CheckSymbolExists.c.o  -o cmTC_ddf62 
CMakeFiles/cmTC_ddf62.dir/CheckSymbolExists.c.o: En la función `main':
CheckSymbolExists.c:(.text+0x1b): referencia a `pthread_create' sin definir
collect2: error: ld returned 1 exit status
CMakeFiles/cmTC_ddf62.dir/build.make:97: fallo en las instrucciones para el objetivo 'cmTC_ddf62'
make[1]: *** [cmTC_ddf62] Error 1
make[1]: se sale del directorio '/home/pablo/catkin_ws/build/realsense2_description/CMakeFiles/CMakeTmp'
Makefile:126: fallo en las instrucciones para el objetivo 'cmTC_ddf62/fast'
make: *** [cmTC_ddf62/fast] Error 2

File /home/pablo/catkin_ws/build/realsense2_description/CMakeFiles/CMakeTmp/CheckSymbolExists.c:
/* */
#include <pthread.h>

int main(int argc, char** argv)
{
  (void)argv;
#ifndef pthread_create
  return ((int*)(&pthread_create))[argc];
#else
  (void)argc;
  return 0;
#endif
}

Determining if the function pthread_create exists in the pthreads failed with the following output:
Change Dir: /home/pablo/catkin_ws/build/realsense2_description/CMakeFiles/CMakeTmp

Run Build Command:"/usr/bin/make" "cmTC_aadce/fast"
/usr/bin/make -f CMakeFiles/cmTC_aadce.dir/build.make CMakeFiles/cmTC_aadce.dir/build
make[1]: se entra en el directorio '/home/pablo/catkin_ws/build/realsense2_description/CMakeFiles/CMakeTmp'
Building C object CMakeFiles/cmTC_aadce.dir/CheckFunctionExists.c.o
/usr/bin/cc   -DCHECK_FUNCTION_EXISTS=pthread_create   -o CMakeFiles/cmTC_aadce.dir/CheckFunctionExists.c.o   -c /usr/share/cmake-3.10/Modules/CheckFunctionExists.c
Linking C executable cmTC_aadce
/usr/bin/cmake -E cmake_link_script CMakeFiles/cmTC_aadce.dir/link.txt --verbose=1
/usr/bin/cc  -DCHECK_FUNCTION_EXISTS=pthread_create    -rdynamic CMakeFiles/cmTC_aadce.dir/CheckFunctionExists.c.o  -o cmTC_aadce -lpthreads 
/usr/bin/ld: no se puede encontrar -lpthreads
collect2: error: ld returned 1 exit status
CMakeFiles/cmTC_aadce.dir/build.make:97: fallo en las instrucciones para el objetivo 'cmTC_aadce'
make[1]: *** [cmTC_aadce] Error 1
make[1]: se sale del directorio '/home/pablo/catkin_ws/build/realsense2_description/CMakeFiles/CMakeTmp'
Makefile:126: fallo en las instrucciones para el objetivo 'cmTC_aadce/fast'
make: *** [cmTC_aadce/fast] Error 2


