Determining if the pthread_create exist failed with the following output:
Change Dir: /home/pablo/catkin_ws/build/turtlebot3_slam/CMakeFiles/CMakeTmp

Run Build Command:"/usr/bin/make" "cmTC_12e37/fast"
/usr/bin/make -f CMakeFiles/cmTC_12e37.dir/build.make CMakeFiles/cmTC_12e37.dir/build
make[1]: se entra en el directorio '/home/pablo/catkin_ws/build/turtlebot3_slam/CMakeFiles/CMakeTmp'
Building C object CMakeFiles/cmTC_12e37.dir/CheckSymbolExists.c.o
/usr/bin/cc    -o CMakeFiles/cmTC_12e37.dir/CheckSymbolExists.c.o   -c /home/pablo/catkin_ws/build/turtlebot3_slam/CMakeFiles/CMakeTmp/CheckSymbolExists.c
Linking C executable cmTC_12e37
/usr/bin/cmake -E cmake_link_script CMakeFiles/cmTC_12e37.dir/link.txt --verbose=1
/usr/bin/cc      -rdynamic CMakeFiles/cmTC_12e37.dir/CheckSymbolExists.c.o  -o cmTC_12e37 
CMakeFiles/cmTC_12e37.dir/CheckSymbolExists.c.o: En la función `main':
CheckSymbolExists.c:(.text+0x1b): referencia a `pthread_create' sin definir
collect2: error: ld returned 1 exit status
CMakeFiles/cmTC_12e37.dir/build.make:97: fallo en las instrucciones para el objetivo 'cmTC_12e37'
make[1]: *** [cmTC_12e37] Error 1
make[1]: se sale del directorio '/home/pablo/catkin_ws/build/turtlebot3_slam/CMakeFiles/CMakeTmp'
Makefile:126: fallo en las instrucciones para el objetivo 'cmTC_12e37/fast'
make: *** [cmTC_12e37/fast] Error 2

File /home/pablo/catkin_ws/build/turtlebot3_slam/CMakeFiles/CMakeTmp/CheckSymbolExists.c:
/* */
#include <pthread.h>

int main(int argc, char** argv)
{
  (void)argv;
#ifndef pthread_create
  return ((int*)(&pthread_create))[argc];
#else
  (void)argc;
  return 0;
#endif
}

Determining if the function pthread_create exists in the pthreads failed with the following output:
Change Dir: /home/pablo/catkin_ws/build/turtlebot3_slam/CMakeFiles/CMakeTmp

Run Build Command:"/usr/bin/make" "cmTC_b3b34/fast"
/usr/bin/make -f CMakeFiles/cmTC_b3b34.dir/build.make CMakeFiles/cmTC_b3b34.dir/build
make[1]: se entra en el directorio '/home/pablo/catkin_ws/build/turtlebot3_slam/CMakeFiles/CMakeTmp'
Building C object CMakeFiles/cmTC_b3b34.dir/CheckFunctionExists.c.o
/usr/bin/cc   -DCHECK_FUNCTION_EXISTS=pthread_create   -o CMakeFiles/cmTC_b3b34.dir/CheckFunctionExists.c.o   -c /usr/share/cmake-3.10/Modules/CheckFunctionExists.c
Linking C executable cmTC_b3b34
/usr/bin/cmake -E cmake_link_script CMakeFiles/cmTC_b3b34.dir/link.txt --verbose=1
/usr/bin/cc  -DCHECK_FUNCTION_EXISTS=pthread_create    -rdynamic CMakeFiles/cmTC_b3b34.dir/CheckFunctionExists.c.o  -o cmTC_b3b34 -lpthreads 
/usr/bin/ld: no se puede encontrar -lpthreads
collect2: error: ld returned 1 exit status
CMakeFiles/cmTC_b3b34.dir/build.make:97: fallo en las instrucciones para el objetivo 'cmTC_b3b34'
make[1]: *** [cmTC_b3b34] Error 1
make[1]: se sale del directorio '/home/pablo/catkin_ws/build/turtlebot3_slam/CMakeFiles/CMakeTmp'
Makefile:126: fallo en las instrucciones para el objetivo 'cmTC_b3b34/fast'
make: *** [cmTC_b3b34/fast] Error 2


