Determining if the pthread_create exist failed with the following output:
Change Dir: /home/pablo/catkin_ws/build/turtlebot3_fake/CMakeFiles/CMakeTmp

Run Build Command:"/usr/bin/make" "cmTC_c6bf2/fast"
/usr/bin/make -f CMakeFiles/cmTC_c6bf2.dir/build.make CMakeFiles/cmTC_c6bf2.dir/build
make[1]: se entra en el directorio '/home/pablo/catkin_ws/build/turtlebot3_fake/CMakeFiles/CMakeTmp'
Building C object CMakeFiles/cmTC_c6bf2.dir/CheckSymbolExists.c.o
/usr/bin/cc    -o CMakeFiles/cmTC_c6bf2.dir/CheckSymbolExists.c.o   -c /home/pablo/catkin_ws/build/turtlebot3_fake/CMakeFiles/CMakeTmp/CheckSymbolExists.c
Linking C executable cmTC_c6bf2
/usr/bin/cmake -E cmake_link_script CMakeFiles/cmTC_c6bf2.dir/link.txt --verbose=1
/usr/bin/cc      -rdynamic CMakeFiles/cmTC_c6bf2.dir/CheckSymbolExists.c.o  -o cmTC_c6bf2 
CMakeFiles/cmTC_c6bf2.dir/CheckSymbolExists.c.o: En la función `main':
CheckSymbolExists.c:(.text+0x1b): referencia a `pthread_create' sin definir
collect2: error: ld returned 1 exit status
CMakeFiles/cmTC_c6bf2.dir/build.make:97: fallo en las instrucciones para el objetivo 'cmTC_c6bf2'
make[1]: *** [cmTC_c6bf2] Error 1
make[1]: se sale del directorio '/home/pablo/catkin_ws/build/turtlebot3_fake/CMakeFiles/CMakeTmp'
Makefile:126: fallo en las instrucciones para el objetivo 'cmTC_c6bf2/fast'
make: *** [cmTC_c6bf2/fast] Error 2

File /home/pablo/catkin_ws/build/turtlebot3_fake/CMakeFiles/CMakeTmp/CheckSymbolExists.c:
/* */
#include <pthread.h>

int main(int argc, char** argv)
{
  (void)argv;
#ifndef pthread_create
  return ((int*)(&pthread_create))[argc];
#else
  (void)argc;
  return 0;
#endif
}

Determining if the function pthread_create exists in the pthreads failed with the following output:
Change Dir: /home/pablo/catkin_ws/build/turtlebot3_fake/CMakeFiles/CMakeTmp

Run Build Command:"/usr/bin/make" "cmTC_0f542/fast"
/usr/bin/make -f CMakeFiles/cmTC_0f542.dir/build.make CMakeFiles/cmTC_0f542.dir/build
make[1]: se entra en el directorio '/home/pablo/catkin_ws/build/turtlebot3_fake/CMakeFiles/CMakeTmp'
Building C object CMakeFiles/cmTC_0f542.dir/CheckFunctionExists.c.o
/usr/bin/cc   -DCHECK_FUNCTION_EXISTS=pthread_create   -o CMakeFiles/cmTC_0f542.dir/CheckFunctionExists.c.o   -c /usr/share/cmake-3.10/Modules/CheckFunctionExists.c
Linking C executable cmTC_0f542
/usr/bin/cmake -E cmake_link_script CMakeFiles/cmTC_0f542.dir/link.txt --verbose=1
/usr/bin/cc  -DCHECK_FUNCTION_EXISTS=pthread_create    -rdynamic CMakeFiles/cmTC_0f542.dir/CheckFunctionExists.c.o  -o cmTC_0f542 -lpthreads 
/usr/bin/ld: no se puede encontrar -lpthreads
collect2: error: ld returned 1 exit status
CMakeFiles/cmTC_0f542.dir/build.make:97: fallo en las instrucciones para el objetivo 'cmTC_0f542'
make[1]: *** [cmTC_0f542] Error 1
make[1]: se sale del directorio '/home/pablo/catkin_ws/build/turtlebot3_fake/CMakeFiles/CMakeTmp'
Makefile:126: fallo en las instrucciones para el objetivo 'cmTC_0f542/fast'
make: *** [cmTC_0f542/fast] Error 2


